2022-07-27 11:23:43 INFO  ProjectStartupHandler.runActivity(74) - ---------- Project opened ----------
2022-07-27 11:23:43 INFO  ProjectStartupHandler.runActivity(75) - ---------- Version 3.57 ----------

2022-07-27 11:23:43 INFO  ProjectStartupHandler.setAutoscrolls(346) - Autoscrolls successfully set
2022-07-27 11:23:43 INFO  ApacheHttpClient.isSessionAppropriateWithSecretKey(589) - The session is not set in the property file.
2022-07-27 11:23:43 INFO  ApacheHttpClient.logout(633) - Waiting for server response.
2022-07-27 11:23:43 INFO  ApacheHttpClient.logout(633) - Waiting for server response.
2022-07-27 11:23:43 INFO  ApacheHttpClient.login(250) - Waiting for server response.
2022-07-27 11:23:44 INFO  ApacheHttpClient.login(250) - Waiting for server response.
2022-07-27 11:23:44 INFO  ApacheHttpClient.login(254) - responseCode = 200
2022-07-27 11:23:44 INFO  ApacheHttpClient.login(277) - JSESSIONID OK
2022-07-27 11:23:44 INFO  ApacheHttpClient.refreshUserInfo(305) - responseCode = 200
2022-07-27 11:23:44 INFO  ApacheHttpClient.refreshUserInfo(311) - User information received.
2022-07-27 11:23:44 INFO  ApacheHttpClient.startGA(36) - GAService started.
2022-07-27 11:23:52 INFO  ApacheHttpClient.getWebResourceAsStream(502) - responseCode = 200
2022-07-27 11:23:54 INFO  ApacheHttpClient.getFilteredTasks(336) - responseCode = 200
2022-07-27 11:23:58 INFO  TaskInfoSelectorMouseListener.createDirectoryRecursive(78) - File created :C:/Users/wojci/Downloads/project/SPACE_INVADERS/CodeGymTasks/lib
2022-07-27 11:23:58 INFO  ApacheHttpClient.getWebResourceAsStream(502) - responseCode = 200
2022-07-27 11:23:59 INFO  ApacheHttpClient.getWebResourceAsStream(502) - responseCode = 200
2022-07-27 11:23:59 INFO  ApacheHttpClient.getTaskTemplateInfo(353) - responseCode = 200
2022-07-27 11:23:59 INFO  TaskInfoSelectorMouseListener.createDirectoryRecursive(78) - File created :C:/Users/wojci/Downloads/project/SPACE_INVADERS/CodeGymTasks/8.Games/src/com
2022-07-27 11:23:59 INFO  TaskInfoSelectorMouseListener.createDirectoryRecursive(78) - File created :C:/Users/wojci/Downloads/project/SPACE_INVADERS/CodeGymTasks/8.Games/src/com/codegym
2022-07-27 11:23:59 INFO  TaskInfoSelectorMouseListener.createDirectoryRecursive(78) - File created :C:/Users/wojci/Downloads/project/SPACE_INVADERS/CodeGymTasks/8.Games/src/com/codegym/games
2022-07-27 11:23:59 INFO  TaskInfoSelectorMouseListener.createDirectoryRecursive(78) - File created :C:/Users/wojci/Downloads/project/SPACE_INVADERS/CodeGymTasks/8.Games/src/com/codegym/games/spaceinvaders
